2024-04-06 12:59:12,304, queries: 7,url:/quizApi/GETAllQuiz/,total_time:0.03000020980834961 sec
2024-04-06 13:00:58,854, queries: 6,url:/quizApi/GETAllQuiz/,total_time:0.02446746826171875 sec
2024-04-06 13:01:53,351, queries: 9,url:/quizApi/GETAllQuizResult/,total_time:0.06003308296203613 sec
2024-04-06 13:11:41,721, queries: 33,url:/quizApi/GETAllQuestionsByQuizId/1/,total_time:0.07736468315124512 sec
2024-04-06 13:12:30,446, queries: 63,url:/quizApi/GETAllQuestionsByUserIdAndQuizId/1/1/,total_time:0.10831546783447266 sec
2024-04-06 15:42:18,563, queries: 4,url:/api-playground/,total_time:0.22165751457214355 sec
2024-04-06 15:42:18,989, queries: 3,url:/api-playground/,total_time:0.05399680137634277 sec
2024-04-06 15:46:41,849, queries: 5,url:/quizApi/POSTQuiz/,total_time:0.06309771537780762 sec
2024-04-06 15:46:52,118, queries: 5,url:/quizApi/POSTQuiz/,total_time:0.06412601470947266 sec
2024-04-06 15:47:36,875, queries: 6,url:/quizApi/PUTQuiz/8/,total_time:0.04359745979309082 sec
2024-04-06 15:49:05,855, queries: 5,url:/admin/,total_time:0.25235843658447266 sec
2024-04-06 15:49:16,837, queries: 7,url:/admin/Quiz_Api/quiz/,total_time:0.4464988708496094 sec
2024-04-06 15:49:16,974, queries: 3,url:/admin/jsi18n/,total_time:0.08604741096496582 sec
2024-04-06 15:49:49,499, queries: 6,url:/quizApi/PUTQuiz/8/,total_time:0.03703761100769043 sec
2024-04-06 15:51:30,786, queries: 5,url:/quizApi/PUTQuiz/8/,total_time:0.03931283950805664 sec
2024-04-06 15:52:12,022, queries: 6,url:/quizApi/PUTQuiz/8/,total_time:0.04047274589538574 sec
2024-04-06 15:56:04,375, queries: 6,url:/quizApi/PUTQuiz/8/,total_time:0.049997568130493164 sec
2024-04-06 15:56:34,049, queries: 0,url:/quizApi/PUTQuiz/8/,total_time:0.0 sec
2024-04-06 15:56:40,711, queries: 4,url:/quizApi/PUTQuiz/8/,total_time:0.05299830436706543 sec
2024-04-06 15:56:57,553, queries: 7,url:/admin/Quiz_Api/quiz/,total_time:0.20015954971313477 sec
2024-04-06 15:56:57,623, queries: 3,url:/admin/jsi18n/,total_time:0.014009475708007812 sec
2024-04-06 15:58:14,945, queries: 3,url:/quizApi/PUTQuiz/8/,total_time:0.02698802947998047 sec
2024-04-06 15:59:12,497, queries: 4,url:/quizApi/PUTQuiz/8/,total_time:0.024002552032470703 sec
2024-04-06 16:00:00,328, queries: 4,url:/quizApi/PUTQuiz/8/,total_time:0.028050661087036133 sec
2024-04-06 16:00:22,008, queries: 4,url:/quizApi/PUTQuiz/8/,total_time:0.0270078182220459 sec
2024-04-06 16:10:28,770, queries: 4,url:/quizApi/PUTQuiz/8/,total_time:0.035015106201171875 sec
2024-04-06 16:10:35,566, queries: 2,url:/quizApi/PUTQuiz/8/,total_time:0.01961493492126465 sec
2024-04-06 16:14:06,937, queries: 6,url:/quizApi/POSTQuizEnrollment/,total_time:0.04216122627258301 sec
2024-04-06 16:14:24,751, queries: 10,url:/quizApi/POSTQuizEnrollment/,total_time:0.059082746505737305 sec
2024-04-06 16:19:10,007, queries: 9,url:/quizApi/POSTQuizEnrollment/,total_time:0.054006099700927734 sec
2024-04-06 16:23:06,787, queries: 9,url:/quizApi/POSTQuizEnrollment/,total_time:0.04887223243713379 sec
2024-04-06 16:23:58,861, queries: 9,url:/quizApi/POSTQuizEnrollment/,total_time:0.04299354553222656 sec
