WARNING 2024-03-04 15:44:20,722  162 Invalid field name(tt) pass.
WARNING 2024-03-04 15:45:39,028 module: views.py func: get  162 Invalid field name(tt) pass.
WARNING | 2024-03-04 15:48:18,993| path: C:\Users\vs123\OneDrive\Desktop\quiz\JDC\Quiz_Api\quiz\views.py | func: get  162 Invalid field name(tt) pass.
WARNING | 2024-03-04 15:49:50,587| path: C:\Users\vs123\OneDrive\Desktop\quiz\JDC\Quiz_Api\quiz\views.py | func: get | line_no: 162 | Invalid field name(tt) pass.
WARNING: 2024-03-04 15:51:40,877 | views.py| func: get| line number: 162| Invalid field name(tt) pass.
WARNING | 2024-03-04 16:10:33,698| path: C:\Users\vs123\OneDrive\Desktop\quiz\JDC\Quiz_Api\quiz\views.py | func: get | line_no: 162 | Invalid field name(tt) pass.
WARNING | 2024-03-04 16:14:36,722| path: C:\Users\vs123\OneDrive\Desktop\quiz\JDC\Quiz_Api\add_questions\views.py | func: post | line_no: 48 | Error occured while creating questions.
WARNING | 2024-03-05 10:12:36,394| path: C:\Users\vs123\OneDrive\Desktop\quiz\JDC\Quiz_Api\add_questions\views.py | func: post | line_no: 48 | Error occured while creating questions.
WARNING | 2024-03-05 10:18:09,210| path: C:\Users\vs123\OneDrive\Desktop\quiz\JDC\Quiz_Api\add_questions\views.py | func: post | line_no: 48 | Error occured while creating questions.
WARNING | 2024-03-05 11:29:07,614| path: C:\Users\vs123\OneDrive\Desktop\quiz\JDC\Quiz_Api\add_questions\views.py | func: post | line_no: 48 | Error occured while creating questions.
WARNING | 2024-03-05 11:31:37,552| path: C:\Users\vs123\OneDrive\Desktop\quiz\JDC\Quiz_Api\add_questions\views.py | func: post | line_no: 48 | Error occured while creating questions.
WARNING | 2024-03-05 11:39:04,049| path: C:\Users\vs123\OneDrive\Desktop\quiz\JDC\Quiz_Api\add_questions\views.py | func: post | line_no: 48 | Error occured while creating questions.
WARNING | 2024-03-05 11:39:33,333| path: C:\Users\vs123\OneDrive\Desktop\quiz\JDC\Quiz_Api\add_questions\views.py | func: post | line_no: 48 | Error occured while creating questions.
WARNING | 2024-03-05 11:40:29,156| path: C:\Users\vs123\OneDrive\Desktop\quiz\JDC\Quiz_Api\add_questions\views.py | func: post | line_no: 48 | Error occured while creating questions.
WARNING | 2024-03-05 11:42:22,929| path: C:\Users\vs123\OneDrive\Desktop\quiz\JDC\Quiz_Api\add_questions\views.py | func: post | line_no: 48 | Error occured while creating questions.
WARNING | 2024-03-07 11:27:56,858| path: C:\Users\vs123\OneDrive\Desktop\quiz\JDC\Quiz_Api\add_questions\views.py | func: put | line_no: 134 | Some Error occured while updating Quiz Question.
WARNING | 2024-03-07 11:29:28,076| path: C:\Users\vs123\OneDrive\Desktop\quiz\JDC\Quiz_Api\add_questions\views.py | func: put | line_no: 134 | Some Error occured while updating Quiz Question.
WARNING | 2024-03-07 11:29:51,177| path: C:\Users\vs123\OneDrive\Desktop\quiz\JDC\Quiz_Api\add_questions\views.py | func: put | line_no: 134 | Some Error occured while updating Quiz Question.
WARNING | 2024-03-07 16:47:58,225| path: C:\Users\vs123\OneDrive\Desktop\quiz\JDC\Quiz_Api\add_questions\views.py | func: post | line_no: 51 | Error occured while creating questions.
WARNING | 2024-03-07 17:16:19,994| path: C:\Users\vs123\OneDrive\Desktop\quiz\JDC\Quiz_Api\add_questions\views.py | func: post | line_no: 51 | Error occured while creating questions.
WARNING | 2024-03-07 17:21:54,958| path: C:\Users\vs123\OneDrive\Desktop\quiz\JDC\Quiz_Api\add_questions\views.py | func: post | line_no: 51 | Error occured while creating questions.
WARNING | 2024-03-07 17:22:35,903| path: C:\Users\vs123\OneDrive\Desktop\quiz\JDC\Quiz_Api\add_questions\views.py | func: post | line_no: 51 | Error occured while creating questions.
WARNING | 2024-03-07 17:22:56,068| path: C:\Users\vs123\OneDrive\Desktop\quiz\JDC\Quiz_Api\add_questions\views.py | func: post | line_no: 51 | Error occured while creating questions.
WARNING | 2024-03-07 17:24:03,170| path: C:\Users\vs123\OneDrive\Desktop\quiz\JDC\Quiz_Api\add_questions\views.py | func: post | line_no: 51 | Error occured while creating questions.
WARNING | 2024-03-07 17:24:03,492| path: C:\Users\vs123\OneDrive\Desktop\quiz\JDC\Quiz_Api\add_questions\views.py | func: post | line_no: 51 | Error occured while creating questions.
WARNING | 2024-03-07 17:24:05,433| path: C:\Users\vs123\OneDrive\Desktop\quiz\JDC\Quiz_Api\add_questions\views.py | func: post | line_no: 51 | Error occured while creating questions.
WARNING | 2024-03-07 17:25:07,049| path: C:\Users\vs123\OneDrive\Desktop\quiz\JDC\Quiz_Api\add_questions\views.py | func: post | line_no: 51 | Error occured while creating questions.
WARNING | 2024-03-07 17:25:35,542| path: C:\Users\vs123\OneDrive\Desktop\quiz\JDC\Quiz_Api\add_questions\views.py | func: post | line_no: 51 | Error occured while creating questions.
WARNING | 2024-03-07 17:34:08,211| path: C:\Users\vs123\OneDrive\Desktop\quiz\JDC\Quiz_Api\add_questions\views.py | func: post | line_no: 51 | Error occured while creating questions.
WARNING | 2024-03-07 17:35:11,070| path: C:\Users\vs123\OneDrive\Desktop\quiz\JDC\Quiz_Api\add_questions\views.py | func: post | line_no: 51 | Error occured while creating questions.
WARNING | 2024-03-07 17:39:42,104| path: C:\Users\vs123\OneDrive\Desktop\quiz\JDC\Quiz_Api\add_questions\views.py | func: post | line_no: 51 | Error occured while creating questions.
WARNING | 2024-03-07 17:40:01,907| path: C:\Users\vs123\OneDrive\Desktop\quiz\JDC\Quiz_Api\add_questions\views.py | func: post | line_no: 51 | Error occured while creating questions.
WARNING | 2024-03-07 17:52:23,232| path: C:\Users\vs123\OneDrive\Desktop\quiz\JDC\Quiz_Api\add_questions\views.py | func: post | line_no: 51 | Error occured while creating questions.
WARNING | 2024-03-07 17:53:18,854| path: C:\Users\vs123\OneDrive\Desktop\quiz\JDC\Quiz_Api\add_questions\views.py | func: post | line_no: 51 | Error occured while creating questions.
WARNING | 2024-03-07 17:53:25,396| path: C:\Users\vs123\OneDrive\Desktop\quiz\JDC\Quiz_Api\add_questions\views.py | func: post | line_no: 51 | Error occured while creating questions.
WARNING | 2024-03-07 17:56:09,487| path: C:\Users\vs123\OneDrive\Desktop\quiz\JDC\Quiz_Api\add_questions\views.py | func: post | line_no: 51 | Error occured while creating questions.
WARNING | 2024-03-07 18:03:11,132| path: C:\Users\vs123\OneDrive\Desktop\quiz\JDC\Quiz_Api\add_questions\views.py | func: post | line_no: 51 | Error occured while creating questions.
WARNING | 2024-03-07 18:06:14,932| path: C:\Users\vs123\OneDrive\Desktop\quiz\JDC\Quiz_Api\add_questions\views.py | func: post | line_no: 51 | Error occured while creating questions.
WARNING | 2024-03-07 18:07:18,176| path: C:\Users\vs123\OneDrive\Desktop\quiz\JDC\Quiz_Api\add_questions\views.py | func: post | line_no: 51 | Error occured while creating questions.
WARNING | 2024-03-07 18:15:12,059| path: C:\Users\vs123\OneDrive\Desktop\quiz\JDC\Quiz_Api\add_questions\views.py | func: post | line_no: 51 | Error occured while creating questions.
WARNING | 2024-03-07 18:15:32,345| path: C:\Users\vs123\OneDrive\Desktop\quiz\JDC\Quiz_Api\add_questions\views.py | func: post | line_no: 51 | Error occured while creating questions.
WARNING | 2024-03-07 18:24:08,970| path: C:\Users\vs123\OneDrive\Desktop\quiz\JDC\Quiz_Api\add_questions\views.py | func: post | line_no: 51 | Error occured while creating questions.
WARNING | 2024-03-07 18:26:05,615| path: C:\Users\vs123\OneDrive\Desktop\quiz\JDC\Quiz_Api\add_questions\views.py | func: post | line_no: 51 | Error occured while creating questions.
WARNING | 2024-03-07 18:30:12,659| path: C:\Users\vs123\OneDrive\Desktop\quiz\JDC\Quiz_Api\add_questions\views.py | func: post | line_no: 51 | Error occured while creating questions.
WARNING | 2024-03-07 18:30:26,962| path: C:\Users\vs123\OneDrive\Desktop\quiz\JDC\Quiz_Api\add_questions\views.py | func: post | line_no: 51 | Error occured while creating questions.
WARNING | 2024-03-07 18:34:23,971| path: C:\Users\vs123\OneDrive\Desktop\quiz\JDC\Quiz_Api\add_questions\views.py | func: post | line_no: 51 | Error occured while creating questions.
WARNING | 2024-03-07 18:35:46,155| path: C:\Users\vs123\OneDrive\Desktop\quiz\JDC\Quiz_Api\add_questions\views.py | func: post | line_no: 51 | Error occured while creating questions.
WARNING | 2024-03-07 18:38:57,624| path: C:\Users\vs123\OneDrive\Desktop\quiz\JDC\Quiz_Api\add_questions\views.py | func: post | line_no: 51 | Error occured while creating questions.
WARNING | 2024-03-07 18:40:45,470| path: C:\Users\vs123\OneDrive\Desktop\quiz\JDC\Quiz_Api\add_questions\views.py | func: post | line_no: 51 | Error occured while creating questions.
WARNING | 2024-03-07 18:41:16,391| path: C:\Users\vs123\OneDrive\Desktop\quiz\JDC\Quiz_Api\add_questions\views.py | func: post | line_no: 51 | Error occured while creating questions.
WARNING | 2024-03-07 18:43:10,914| path: C:\Users\vs123\OneDrive\Desktop\quiz\JDC\Quiz_Api\add_questions\views.py | func: post | line_no: 51 | Error occured while creating questions.
WARNING | 2024-03-12 10:58:14,303| path: C:\Users\vs123\OneDrive\Desktop\quiz\JDC\Quiz_Api\enroll_and_result\views.py | func: post | line_no: 43 | Error occured while enroll in a quiz
WARNING | 2024-03-12 10:58:23,374| path: C:\Users\vs123\OneDrive\Desktop\quiz\JDC\Quiz_Api\enroll_and_result\views.py | func: post | line_no: 43 | Error occured while enroll in a quiz
WARNING | 2024-03-12 11:00:40,834| path: C:\Users\vs123\OneDrive\Desktop\quiz\JDC\Quiz_Api\enroll_and_result\views.py | func: post | line_no: 43 | Error occured while enroll in a quiz
WARNING | 2024-03-12 11:02:38,995| path: C:\Users\vs123\OneDrive\Desktop\quiz\JDC\Quiz_Api\enroll_and_result\views.py | func: post | line_no: 43 | Error occured while enroll in a quiz
WARNING | 2024-03-12 11:02:52,978| path: C:\Users\vs123\OneDrive\Desktop\quiz\JDC\Quiz_Api\enroll_and_result\views.py | func: post | line_no: 43 | Error occured while enroll in a quiz
WARNING | 2024-03-12 11:03:17,275| path: C:\Users\vs123\OneDrive\Desktop\quiz\JDC\Quiz_Api\enroll_and_result\views.py | func: post | line_no: 43 | Error occured while enroll in a quiz
WARNING | 2024-03-12 12:53:04,993| path: C:\Users\vs123\OneDrive\Desktop\quiz\JDC\Quiz_Api\quiz\views.py | func: get | line_no: 165 | Invalid field name(abc) pass.
WARNING | 2024-03-12 12:59:00,443| path: C:\Users\vs123\OneDrive\Desktop\quiz\JDC\Quiz_Api\quiz\views.py | func: get | line_no: 165 | Invalid field name(gg) pass.
WARNING | 2024-03-13 14:53:00,160| path: C:\Users\vs123\OneDrive\Desktop\quiz\JDC\Quiz_Api\add_questions\views.py | func: post | line_no: 51 | Error occured while creating questions.
WARNING | 2024-03-13 14:55:23,773| path: C:\Users\vs123\OneDrive\Desktop\quiz\JDC\Quiz_Api\add_questions\views.py | func: post | line_no: 51 | Error occured while creating questions.
WARNING | 2024-03-13 14:59:57,294| path: C:\Users\vs123\OneDrive\Desktop\quiz\JDC\Quiz_Api\add_questions\views.py | func: post | line_no: 51 | Error occured while creating questions.
WARNING | 2024-03-13 15:04:13,051| path: C:\Users\vs123\OneDrive\Desktop\quiz\JDC\Quiz_Api\add_questions\views.py | func: post | line_no: 51 | Error occured while creating questions.
WARNING | 2024-03-13 15:04:35,614| path: C:\Users\vs123\OneDrive\Desktop\quiz\JDC\Quiz_Api\add_questions\views.py | func: post | line_no: 51 | Error occured while creating questions.
WARNING | 2024-03-19 13:23:09,743| path: C:\Users\vs123\OneDrive\Desktop\quiz\JDC\Quiz_Api\enroll_and_result\views.py | func: post | line_no: 43 | Error occured while enroll in a quiz
WARNING | 2024-03-19 13:23:29,561| path: C:\Users\vs123\OneDrive\Desktop\quiz\JDC\Quiz_Api\enroll_and_result\views.py | func: post | line_no: 43 | Error occured while enroll in a quiz
WARNING | 2024-03-19 13:42:24,685| path: C:\Users\vs123\OneDrive\Desktop\quiz\JDC\Quiz_Api\enroll_and_result\views.py | func: post | line_no: 43 | Error occured while enroll in a quiz
WARNING | 2024-03-19 13:52:58,518| path: C:\Users\vs123\OneDrive\Desktop\quiz\JDC\Quiz_Api\enroll_and_result\views.py | func: post | line_no: 43 | Error occured while enroll in a quiz
WARNING | 2024-03-19 13:56:00,318| path: C:\Users\vs123\OneDrive\Desktop\quiz\JDC\Quiz_Api\enroll_and_result\views.py | func: post | line_no: 43 | Error occured while enroll in a quiz
WARNING | 2024-03-19 13:58:34,594| path: C:\Users\vs123\OneDrive\Desktop\quiz\JDC\Quiz_Api\enroll_and_result\views.py | func: post | line_no: 43 | Error occured while enroll in a quiz
WARNING | 2024-03-19 13:59:39,891| path: C:\Users\vs123\OneDrive\Desktop\quiz\JDC\Quiz_Api\enroll_and_result\views.py | func: post | line_no: 43 | Error occured while enroll in a quiz
WARNING | 2024-03-19 14:18:19,634| path: C:\Users\vs123\OneDrive\Desktop\quiz\JDC\Quiz_Api\add_questions\views.py | func: post | line_no: 51 | Error occured while creating questions.
WARNING | 2024-03-19 14:18:40,730| path: C:\Users\vs123\OneDrive\Desktop\quiz\JDC\Quiz_Api\add_questions\views.py | func: post | line_no: 51 | Error occured while creating questions.
WARNING | 2024-03-19 14:19:03,354| path: C:\Users\vs123\OneDrive\Desktop\quiz\JDC\Quiz_Api\add_questions\views.py | func: post | line_no: 51 | Error occured while creating questions.
WARNING | 2024-03-19 14:20:55,486| path: C:\Users\vs123\OneDrive\Desktop\quiz\JDC\Quiz_Api\add_questions\views.py | func: post | line_no: 51 | Error occured while creating questions.
WARNING | 2024-03-19 17:14:24,450| path: C:\Users\vs123\OneDrive\Desktop\quiz\JDC\Quiz_Api\quiz_play\views.py | func: post | line_no: 43 | Error occured while playing a quiz
WARNING | 2024-03-19 17:14:37,710| path: C:\Users\vs123\OneDrive\Desktop\quiz\JDC\Quiz_Api\quiz_play\views.py | func: post | line_no: 43 | Error occured while playing a quiz
WARNING | 2024-03-28 14:19:16,195| path: C:\Users\vs123\OneDrive\Desktop\quiz\JDC\Quiz_Api\enroll_and_result\views.py | func: get | line_no: 92 | Invalid field name(xyz) pass.
WARNING | 2024-04-02 14:42:13,040| path: C:\Users\vs123\OneDrive\Desktop\quiz\JDC\Quiz_Api\enroll_and_result\views.py | func: post | line_no: 55 | Error occured while enroll in a quiz
WARNING | 2024-04-02 14:42:23,731| path: C:\Users\vs123\OneDrive\Desktop\quiz\JDC\Quiz_Api\enroll_and_result\views.py | func: post | line_no: 55 | Error occured while enroll in a quiz
WARNING | 2024-04-02 14:42:32,997| path: C:\Users\vs123\OneDrive\Desktop\quiz\JDC\Quiz_Api\enroll_and_result\views.py | func: post | line_no: 55 | Error occured while enroll in a quiz
WARNING | 2024-04-02 15:58:48,968| path: C:\Users\vs123\OneDrive\Desktop\quiz\JDC\Quiz_Api\add_questions\views.py | func: post | line_no: 62 | Error occured while creating questions.
WARNING | 2024-04-02 16:01:14,825| path: C:\Users\vs123\OneDrive\Desktop\quiz\JDC\Quiz_Api\add_questions\views.py | func: post | line_no: 62 | Error occured while creating questions.
WARNING | 2024-04-02 16:01:41,170| path: C:\Users\vs123\OneDrive\Desktop\quiz\JDC\Quiz_Api\add_questions\views.py | func: post | line_no: 62 | Error occured while creating questions.
WARNING | 2024-04-02 16:04:29,226| path: C:\Users\vs123\OneDrive\Desktop\quiz\JDC\Quiz_Api\add_questions\views.py | func: post | line_no: 62 | Error occured while creating questions.
WARNING | 2024-04-02 16:09:44,210| path: C:\Users\vs123\OneDrive\Desktop\quiz\JDC\Quiz_Api\add_questions\views.py | func: post | line_no: 62 | Error occured while creating questions.
WARNING | 2024-04-02 17:04:53,300| path: C:\Users\vs123\OneDrive\Desktop\quiz\JDC\Quiz_Api\add_questions\views.py | func: post | line_no: 62 | Error occured while creating questions.
WARNING | 2024-04-02 17:25:54,110| path: C:\Users\vs123\OneDrive\Desktop\quiz\JDC\Quiz_Api\add_questions\views.py | func: put | line_no: 162 | Some Error occured while updating Quiz Question.
WARNING | 2024-04-02 17:31:56,422| path: C:\Users\vs123\OneDrive\Desktop\quiz\JDC\Quiz_Api\add_questions\views.py | func: post | line_no: 62 | Error occured while creating questions.
WARNING | 2024-04-02 17:39:31,490| path: C:\Users\vs123\OneDrive\Desktop\quiz\JDC\Quiz_Api\add_questions\views.py | func: post | line_no: 62 | Error occured while creating questions.
WARNING | 2024-04-02 17:45:12,920| path: C:\Users\vs123\OneDrive\Desktop\quiz\JDC\Quiz_Api\add_questions\views.py | func: post | line_no: 62 | Error occured while creating questions.
WARNING | 2024-04-03 10:11:19,978| path: C:\Users\vs123\OneDrive\Desktop\quiz\JDC\Quiz_Api\add_questions\views.py | func: post | line_no: 62 | Error occured while creating questions.
WARNING | 2024-04-03 10:13:30,262| path: C:\Users\vs123\OneDrive\Desktop\quiz\JDC\Quiz_Api\add_questions\views.py | func: post | line_no: 62 | Error occured while creating questions.
WARNING | 2024-04-03 10:16:39,043| path: C:\Users\vs123\OneDrive\Desktop\quiz\JDC\Quiz_Api\add_questions\views.py | func: post | line_no: 62 | Error occured while creating questions.
WARNING | 2024-04-03 10:18:38,830| path: C:\Users\vs123\OneDrive\Desktop\quiz\JDC\Quiz_Api\add_questions\views.py | func: post | line_no: 62 | Error occured while creating questions.
WARNING | 2024-04-03 10:20:28,060| path: C:\Users\vs123\OneDrive\Desktop\quiz\JDC\Quiz_Api\add_questions\views.py | func: post | line_no: 62 | Error occured while creating questions.
WARNING | 2024-04-03 10:28:28,626| path: C:\Users\vs123\OneDrive\Desktop\quiz\JDC\Quiz_Api\add_questions\views.py | func: post | line_no: 255 | While adding new option some error occured.
WARNING | 2024-04-03 10:34:43,722| path: C:\Users\vs123\OneDrive\Desktop\quiz\JDC\Quiz_Api\add_questions\views.py | func: put | line_no: 203 | While updating option some error occured.
WARNING | 2024-04-03 10:36:35,505| path: C:\Users\vs123\OneDrive\Desktop\quiz\JDC\Quiz_Api\add_questions\views.py | func: put | line_no: 203 | While updating option some error occured.
WARNING | 2024-04-03 23:31:52,913| path: C:\Users\vs123\OneDrive\Desktop\quiz\JDC\Quiz_Api\enroll_and_result\views.py | func: post | line_no: 55 | Error occured while enroll in a quiz
WARNING | 2024-04-03 23:35:39,627| path: C:\Users\vs123\OneDrive\Desktop\quiz\JDC\Quiz_Api\enroll_and_result\views.py | func: post | line_no: 55 | Error occured while enroll in a quiz
WARNING | 2024-04-04 11:16:27,605| path: C:\Users\vs123\OneDrive\Desktop\quiz\JDC\Quiz_Api\enroll_and_result\views.py | func: get | line_no: 110 | Invalid field name(None) pass.
WARNING | 2024-04-04 11:17:56,057| path: C:\Users\vs123\OneDrive\Desktop\quiz\JDC\Quiz_Api\enroll_and_result\views.py | func: get | line_no: 111 | Invalid field name(None) pass.
WARNING | 2024-04-04 11:18:24,477| path: C:\Users\vs123\OneDrive\Desktop\quiz\JDC\Quiz_Api\enroll_and_result\views.py | func: get | line_no: 112 | Invalid field name(None) pass.
WARNING | 2024-04-04 11:19:18,616| path: C:\Users\vs123\OneDrive\Desktop\quiz\JDC\Quiz_Api\enroll_and_result\views.py | func: get | line_no: 113 | Invalid field name(None) pass.
WARNING | 2024-04-04 11:21:06,078| path: C:\Users\vs123\OneDrive\Desktop\quiz\JDC\Quiz_Api\enroll_and_result\views.py | func: get | line_no: 114 | Invalid field name(None) pass.
WARNING | 2024-04-04 11:21:32,386| path: C:\Users\vs123\OneDrive\Desktop\quiz\JDC\Quiz_Api\enroll_and_result\views.py | func: get | line_no: 114 | Invalid field name(None) pass.
WARNING | 2024-04-04 11:21:57,268| path: C:\Users\vs123\OneDrive\Desktop\quiz\JDC\Quiz_Api\enroll_and_result\views.py | func: get | line_no: 115 | Invalid field name(None) pass.
WARNING | 2024-04-04 11:51:53,561| path: C:\Users\vs123\OneDrive\Desktop\quiz\JDC\Quiz_Api\enroll_and_result\views.py | func: get | line_no: 122 | Invalid field name(ad) pass.
WARNING | 2024-04-04 11:58:26,186| path: C:\Users\vs123\OneDrive\Desktop\quiz\JDC\Quiz_Api\enroll_and_result\views.py | func: post | line_no: 57 | Error occured while enroll in a quiz
WARNING | 2024-04-04 14:58:49,819| path: C:\Users\vs123\OneDrive\Desktop\quiz\JDC\Quiz_Api\add_questions\views.py | func: get | line_no: 394 | Quiz Id type error.
WARNING | 2024-04-04 15:03:37,810| path: C:\Users\vs123\OneDrive\Desktop\quiz\JDC\Quiz_Api\add_questions\views.py | func: get | line_no: 394 | Quiz Id type error.
WARNING | 2024-04-04 15:08:35,074| path: C:\Users\vs123\OneDrive\Desktop\quiz\JDC\Quiz_Api\add_questions\views.py | func: get | line_no: 394 | Quiz Id type error.
WARNING | 2024-04-04 15:10:39,903| path: C:\Users\vs123\OneDrive\Desktop\quiz\JDC\Quiz_Api\add_questions\views.py | func: get | line_no: 394 | Quiz Id type error.
WARNING | 2024-04-04 15:33:23,302| path: C:\Users\vs123\OneDrive\Desktop\quiz\JDC\Quiz_Api\add_questions\views.py | func: get | line_no: 397 | Quiz Id type error.
WARNING | 2024-04-04 15:34:18,067| path: C:\Users\vs123\OneDrive\Desktop\quiz\JDC\Quiz_Api\add_questions\views.py | func: get | line_no: 397 | Quiz Id type error.
WARNING | 2024-04-04 15:52:01,356| path: C:\Users\vs123\OneDrive\Desktop\quiz\JDC\Quiz_Api\enroll_and_result\views.py | func: post | line_no: 57 | Error occured while enroll in a quiz
